c:\users\officetower\documents\visual studio 2010\projects\project64_v1.4l-master\rsp compiler plugin 2001-12-22\debug\vc142.pdb
c:\users\officetower\documents\visual studio 2010\projects\project64_v1.4l-master\rsp compiler plugin 2001-12-22\debug\vc142.idb
c:\users\officetower\documents\visual studio 2010\projects\project64_v1.4l-master\rsp compiler plugin 2001-12-22\debug\breakpoint.obj
c:\users\officetower\documents\visual studio 2010\projects\project64_v1.4l-master\rsp compiler plugin 2001-12-22\debug\cpu.obj
c:\users\officetower\documents\visual studio 2010\projects\project64_v1.4l-master\rsp compiler plugin 2001-12-22\debug\dma.obj
c:\users\officetower\documents\visual studio 2010\projects\project64_v1.4l-master\rsp compiler plugin 2001-12-22\debug\interpreter cpu.obj
c:\users\officetower\documents\visual studio 2010\projects\project64_v1.4l-master\rsp compiler plugin 2001-12-22\debug\interpreter ops.obj
c:\users\officetower\documents\visual studio 2010\projects\project64_v1.4l-master\rsp compiler plugin 2001-12-22\debug\log.obj
c:\users\officetower\documents\visual studio 2010\projects\project64_v1.4l-master\rsp compiler plugin 2001-12-22\debug\main.obj
c:\users\officetower\documents\visual studio 2010\projects\project64_v1.4l-master\rsp compiler plugin 2001-12-22\debug\memory.obj
c:\users\officetower\documents\visual studio 2010\projects\project64_v1.4l-master\rsp compiler plugin 2001-12-22\debug\mmx.obj
c:\users\officetower\documents\visual studio 2010\projects\project64_v1.4l-master\rsp compiler plugin 2001-12-22\debug\profiling.obj
c:\users\officetower\documents\visual studio 2010\projects\project64_v1.4l-master\rsp compiler plugin 2001-12-22\debug\recompiler analysis.obj
c:\users\officetower\documents\visual studio 2010\projects\project64_v1.4l-master\rsp compiler plugin 2001-12-22\debug\recompiler cpu.obj
c:\users\officetower\documents\visual studio 2010\projects\project64_v1.4l-master\rsp compiler plugin 2001-12-22\debug\recompiler ops.obj
c:\users\officetower\documents\visual studio 2010\projects\project64_v1.4l-master\rsp compiler plugin 2001-12-22\debug\recompiler sections.obj
c:\users\officetower\documents\visual studio 2010\projects\project64_v1.4l-master\rsp compiler plugin 2001-12-22\debug\rsp command.obj
c:\users\officetower\documents\visual studio 2010\projects\project64_v1.4l-master\rsp compiler plugin 2001-12-22\debug\rsp register.obj
c:\users\officetower\documents\visual studio 2010\projects\project64_v1.4l-master\rsp compiler plugin 2001-12-22\debug\sse.obj
c:\users\officetower\documents\visual studio 2010\projects\project64_v1.4l-master\rsp compiler plugin 2001-12-22\debug\x86.obj
c:\users\officetower\documents\visual studio 2010\projects\project64_v1.4l-master\rsp compiler plugin 2001-12-22\debug\rsp compiler plugin 1.4.ilk
c:\users\officetower\documents\visual studio 2010\projects\project64_v1.4l-master\debug\plugin\rsp 1.4l compiler debug.dll
c:\users\officetower\documents\visual studio 2010\projects\project64_v1.4l-master\rsp compiler plugin 2001-12-22\debug\rsp 1.4l compiler debug.pdb
c:\users\officetower\documents\visual studio 2010\projects\project64_v1.4l-master\rsp compiler plugin 2001-12-22\debug\rsp.res
c:\users\officetower\documents\visual studio 2010\projects\project64_v1.4l-master\rsp compiler plugin 2001-12-22\debug\rsp 1.4l compiler debug.lib
c:\users\officetower\documents\visual studio 2010\projects\project64_v1.4l-master\rsp compiler plugin 2001-12-22\debug\rsp 1.4l compiler debug.exp
c:\users\officetower\documents\visual studio 2010\projects\project64_v1.4l-master\rsp compiler plugin 2001-12-22\debug\rsp comp.18743f7c.tlog\cl.command.1.tlog
c:\users\officetower\documents\visual studio 2010\projects\project64_v1.4l-master\rsp compiler plugin 2001-12-22\debug\rsp comp.18743f7c.tlog\cl.read.1.tlog
c:\users\officetower\documents\visual studio 2010\projects\project64_v1.4l-master\rsp compiler plugin 2001-12-22\debug\rsp comp.18743f7c.tlog\cl.write.1.tlog
c:\users\officetower\documents\visual studio 2010\projects\project64_v1.4l-master\rsp compiler plugin 2001-12-22\debug\rsp comp.18743f7c.tlog\link.command.1.tlog
c:\users\officetower\documents\visual studio 2010\projects\project64_v1.4l-master\rsp compiler plugin 2001-12-22\debug\rsp comp.18743f7c.tlog\link.delete.1.tlog
c:\users\officetower\documents\visual studio 2010\projects\project64_v1.4l-master\rsp compiler plugin 2001-12-22\debug\rsp comp.18743f7c.tlog\link.read.1.tlog
c:\users\officetower\documents\visual studio 2010\projects\project64_v1.4l-master\rsp compiler plugin 2001-12-22\debug\rsp comp.18743f7c.tlog\link.write.1.tlog
c:\users\officetower\documents\visual studio 2010\projects\project64_v1.4l-master\rsp compiler plugin 2001-12-22\debug\rsp comp.18743f7c.tlog\rc.command.1.tlog
c:\users\officetower\documents\visual studio 2010\projects\project64_v1.4l-master\rsp compiler plugin 2001-12-22\debug\rsp comp.18743f7c.tlog\rc.read.1.tlog
c:\users\officetower\documents\visual studio 2010\projects\project64_v1.4l-master\rsp compiler plugin 2001-12-22\debug\rsp comp.18743f7c.tlog\rc.write.1.tlog
c:\users\officetower\documents\visual studio 2010\projects\project64_v1.4l-master\rsp compiler plugin 2001-12-22\debug\rsp comp.18743f7c.tlog\rsp compiler plugin 1.4.write.1u.tlog
