c:\users\officetower\documents\visual studio 2010\projects\project64_v1.4-master\rsp interpreter plugin 2001-12-22\gle release\vc142.pdb
c:\users\officetower\documents\visual studio 2010\projects\project64_v1.4-master\rsp interpreter plugin 2001-12-22\gle release\memory.obj
c:\users\officetower\documents\visual studio 2010\projects\project64_v1.4-master\rsp interpreter plugin 2001-12-22\gle release\main.obj
c:\users\officetower\documents\visual studio 2010\projects\project64_v1.4-master\rsp interpreter plugin 2001-12-22\gle release\dma.obj
c:\users\officetower\documents\visual studio 2010\projects\project64_v1.4-master\rsp interpreter plugin 2001-12-22\gle release\breakpoint.obj
c:\users\officetower\documents\visual studio 2010\projects\project64_v1.4-master\rsp interpreter plugin 2001-12-22\gle release\rsp_opcodes.obj
c:\users\officetower\documents\visual studio 2010\projects\project64_v1.4-master\rsp interpreter plugin 2001-12-22\gle release\rsp_register.obj
c:\users\officetower\documents\visual studio 2010\projects\project64_v1.4-master\rsp interpreter plugin 2001-12-22\gle release\rsp_command.obj
c:\users\officetower\documents\visual studio 2010\projects\project64_v1.4-master\rsp interpreter plugin 2001-12-22\gle release\rsp_cpu.obj
c:\users\officetower\documents\visual studio 2010\projects\project64_v1.4-master\release\plugin\gle.dll
c:\users\officetower\documents\visual studio 2010\projects\project64_v1.4-master\rsp interpreter plugin 2001-12-22\gle release\gle.pdb
c:\users\officetower\documents\visual studio 2010\projects\project64_v1.4-master\rsp interpreter plugin 2001-12-22\gle release\rsp.res
c:\users\officetower\documents\visual studio 2010\projects\project64_v1.4-master\rsp interpreter plugin 2001-12-22\gle release\gle.lib
c:\users\officetower\documents\visual studio 2010\projects\project64_v1.4-master\rsp interpreter plugin 2001-12-22\gle release\gle.exp
c:\users\officetower\documents\visual studio 2010\projects\project64_v1.4-master\rsp interpreter plugin 2001-12-22\gle release\rsp inte.29801a57.tlog\cl.command.1.tlog
c:\users\officetower\documents\visual studio 2010\projects\project64_v1.4-master\rsp interpreter plugin 2001-12-22\gle release\rsp inte.29801a57.tlog\cl.read.1.tlog
c:\users\officetower\documents\visual studio 2010\projects\project64_v1.4-master\rsp interpreter plugin 2001-12-22\gle release\rsp inte.29801a57.tlog\cl.write.1.tlog
c:\users\officetower\documents\visual studio 2010\projects\project64_v1.4-master\rsp interpreter plugin 2001-12-22\gle release\rsp inte.29801a57.tlog\link.command.1.tlog
c:\users\officetower\documents\visual studio 2010\projects\project64_v1.4-master\rsp interpreter plugin 2001-12-22\gle release\rsp inte.29801a57.tlog\link.read.1.tlog
c:\users\officetower\documents\visual studio 2010\projects\project64_v1.4-master\rsp interpreter plugin 2001-12-22\gle release\rsp inte.29801a57.tlog\link.write.1.tlog
c:\users\officetower\documents\visual studio 2010\projects\project64_v1.4-master\rsp interpreter plugin 2001-12-22\gle release\rsp inte.29801a57.tlog\rc.command.1.tlog
c:\users\officetower\documents\visual studio 2010\projects\project64_v1.4-master\rsp interpreter plugin 2001-12-22\gle release\rsp inte.29801a57.tlog\rc.read.1.tlog
c:\users\officetower\documents\visual studio 2010\projects\project64_v1.4-master\rsp interpreter plugin 2001-12-22\gle release\rsp inte.29801a57.tlog\rc.write.1.tlog
c:\users\officetower\documents\visual studio 2010\projects\project64_v1.4-master\rsp interpreter plugin 2001-12-22\gle release\rsp inte.29801a57.tlog\rsp interpreter plugin 1.4.write.1u.tlog
