c:\users\officetower\documents\visual studio 2010\projects\project64_v1.4-master\rsp interpreter plugin 2001-12-22\lle release\vc142.pdb
c:\users\officetower\documents\visual studio 2010\projects\project64_v1.4-master\rsp interpreter plugin 2001-12-22\lle release\memory.obj
c:\users\officetower\documents\visual studio 2010\projects\project64_v1.4-master\rsp interpreter plugin 2001-12-22\lle release\main.obj
c:\users\officetower\documents\visual studio 2010\projects\project64_v1.4-master\rsp interpreter plugin 2001-12-22\lle release\dma.obj
c:\users\officetower\documents\visual studio 2010\projects\project64_v1.4-master\rsp interpreter plugin 2001-12-22\lle release\breakpoint.obj
c:\users\officetower\documents\visual studio 2010\projects\project64_v1.4-master\rsp interpreter plugin 2001-12-22\lle release\rsp_opcodes.obj
c:\users\officetower\documents\visual studio 2010\projects\project64_v1.4-master\rsp interpreter plugin 2001-12-22\lle release\rsp_register.obj
c:\users\officetower\documents\visual studio 2010\projects\project64_v1.4-master\rsp interpreter plugin 2001-12-22\lle release\rsp_command.obj
c:\users\officetower\documents\visual studio 2010\projects\project64_v1.4-master\rsp interpreter plugin 2001-12-22\lle release\rsp_cpu.obj
c:\users\officetower\documents\visual studio 2010\projects\project64_v1.4-master\release\plugin\lle.dll
c:\users\officetower\documents\visual studio 2010\projects\project64_v1.4-master\rsp interpreter plugin 2001-12-22\lle release\lle.pdb
c:\users\officetower\documents\visual studio 2010\projects\project64_v1.4-master\rsp interpreter plugin 2001-12-22\lle release\rsp.res
c:\users\officetower\documents\visual studio 2010\projects\project64_v1.4-master\rsp interpreter plugin 2001-12-22\lle release\lle.lib
c:\users\officetower\documents\visual studio 2010\projects\project64_v1.4-master\rsp interpreter plugin 2001-12-22\lle release\lle.exp
c:\users\officetower\documents\visual studio 2010\projects\project64_v1.4-master\rsp interpreter plugin 2001-12-22\lle release\rsp inte.29801a57.tlog\cl.command.1.tlog
c:\users\officetower\documents\visual studio 2010\projects\project64_v1.4-master\rsp interpreter plugin 2001-12-22\lle release\rsp inte.29801a57.tlog\cl.read.1.tlog
c:\users\officetower\documents\visual studio 2010\projects\project64_v1.4-master\rsp interpreter plugin 2001-12-22\lle release\rsp inte.29801a57.tlog\cl.write.1.tlog
c:\users\officetower\documents\visual studio 2010\projects\project64_v1.4-master\rsp interpreter plugin 2001-12-22\lle release\rsp inte.29801a57.tlog\link.command.1.tlog
c:\users\officetower\documents\visual studio 2010\projects\project64_v1.4-master\rsp interpreter plugin 2001-12-22\lle release\rsp inte.29801a57.tlog\link.read.1.tlog
c:\users\officetower\documents\visual studio 2010\projects\project64_v1.4-master\rsp interpreter plugin 2001-12-22\lle release\rsp inte.29801a57.tlog\link.write.1.tlog
c:\users\officetower\documents\visual studio 2010\projects\project64_v1.4-master\rsp interpreter plugin 2001-12-22\lle release\rsp inte.29801a57.tlog\rc.command.1.tlog
c:\users\officetower\documents\visual studio 2010\projects\project64_v1.4-master\rsp interpreter plugin 2001-12-22\lle release\rsp inte.29801a57.tlog\rc.read.1.tlog
c:\users\officetower\documents\visual studio 2010\projects\project64_v1.4-master\rsp interpreter plugin 2001-12-22\lle release\rsp inte.29801a57.tlog\rc.write.1.tlog
c:\users\officetower\documents\visual studio 2010\projects\project64_v1.4-master\rsp interpreter plugin 2001-12-22\lle release\rsp inte.29801a57.tlog\rsp interpreter plugin 1.4.write.1u.tlog
